<?xml version="1.0" encoding="UTF-8"?>
<!-- Generated by org.testng.reporters.JUnitReportReporter -->
<testsuite hostname="DORAHENIT" failures="0" tests="1" name="Test_Cases.qalegend_Testcases" time="32.784" errors="0" timestamp="2023-12-06T19:53:01 IST" skipped="0">
  <testcase classname="Test_Cases.qalegend_Testcases" name="tc08" time="32.784"/>
</testsuite> <!-- Test_Cases.qalegend_Testcases -->
